<?xml version="1.0" encoding="UTF-8"?>
<robot generator="Robot 6.0.2 (Python 3.11.2 on win32)" generated="20230222 10:17:16.148" rpa="false" schemaversion="3">
<suite id="s1" name="TC 2" source="C:\Users\Yash Raj singh\PycharmProjects\robot\TestCases\TC_2.robot">
<test id="s1-t1" name="LoginTest" line="7">
<kw name="Open Browser" library="SeleniumLibrary">
<arg>${url}</arg>
<arg>${browser}</arg>
<doc>Opens a new browser instance to the optional ``url``.</doc>
<msg timestamp="20230222 10:17:16.423" level="INFO">Opening browser 'chrome' to base url 'https://propftxdevadmin.iworklab.com/login/'.</msg>
<status status="PASS" starttime="20230222 10:17:16.422" endtime="20230222 10:17:20.631"/>
</kw>
<kw name="Maximize Browser Window" library="SeleniumLibrary">
<doc>Maximizes current browser window.</doc>
<status status="PASS" starttime="20230222 10:17:20.633" endtime="20230222 10:17:20.751"/>
</kw>
<kw name="Title Should Be" library="SeleniumLibrary">
<arg>PropFTX Admin</arg>
<doc>Verifies that the current page title equals ``title``.</doc>
<msg timestamp="20230222 10:17:20.757" level="INFO">Page title is 'PropFTX Admin'.</msg>
<status status="PASS" starttime="20230222 10:17:20.752" endtime="20230222 10:17:20.757"/>
</kw>
<kw name="Set Variable" library="BuiltIn">
<var>${loginEmail}</var>
<arg>//input[@name='loginEmail']</arg>
<doc>Returns the given values which can then be assigned to a variables.</doc>
<msg timestamp="20230222 10:17:20.758" level="INFO">${loginEmail} = //input[@name='loginEmail']</msg>
<status status="PASS" starttime="20230222 10:17:20.758" endtime="20230222 10:17:20.758"/>
</kw>
<kw name="Wait Until Page Contains Element" library="SeleniumLibrary">
<arg>${loginEmail}</arg>
<doc>Waits until the element ``locator`` appears on the current page.</doc>
<status status="PASS" starttime="20230222 10:17:20.758" endtime="20230222 10:17:20.979"/>
</kw>
<kw name="Element Should Be Enabled" library="SeleniumLibrary">
<arg>${loginEmail}</arg>
<doc>Verifies that element identified by ``locator`` is enabled.</doc>
<status status="PASS" starttime="20230222 10:17:20.982" endtime="20230222 10:17:21.040"/>
</kw>
<kw name="Element Should Be Visible" library="SeleniumLibrary">
<arg>${loginEmail}</arg>
<doc>Verifies that the element identified by ``locator`` is visible.</doc>
<msg timestamp="20230222 10:17:21.064" level="INFO">Element '//input[@name='loginEmail']' is displayed.</msg>
<status status="PASS" starttime="20230222 10:17:21.041" endtime="20230222 10:17:21.064"/>
</kw>
<kw name="Input Text" library="SeleniumLibrary">
<arg>${loginEmail}</arg>
<arg>rahul.agarwal@mail.vinove.com</arg>
<doc>Types the given ``text`` into the text field identified by ``locator``.</doc>
<msg timestamp="20230222 10:17:21.065" level="INFO">Typing text 'rahul.agarwal@mail.vinove.com' into text field '//input[@name='loginEmail']'.</msg>
<status status="PASS" starttime="20230222 10:17:21.065" endtime="20230222 10:17:21.251"/>
</kw>
<kw name="Sleep" library="BuiltIn">
<arg>3</arg>
<doc>Pauses the test executed for the given time.</doc>
<msg timestamp="20230222 10:17:24.270" level="INFO">Slept 3 seconds</msg>
<status status="PASS" starttime="20230222 10:17:21.270" endtime="20230222 10:17:24.270"/>
</kw>
<kw name="Input Text" library="SeleniumLibrary">
<arg>name:password</arg>
<arg>Admin@1234</arg>
<doc>Types the given ``text`` into the text field identified by ``locator``.</doc>
<msg timestamp="20230222 10:17:24.271" level="INFO">Typing text 'Admin@1234' into text field 'name:password'.</msg>
<status status="PASS" starttime="20230222 10:17:24.271" endtime="20230222 10:17:24.399"/>
</kw>
<kw name="Click Element" library="SeleniumLibrary">
<arg>xpath://button[@type='submit']</arg>
<doc>Click the element identified by ``locator``.</doc>
<msg timestamp="20230222 10:17:24.400" level="INFO">Clicking element 'xpath://button[@type='submit']'.</msg>
<status status="PASS" starttime="20230222 10:17:24.399" endtime="20230222 10:17:24.463"/>
</kw>
<kw name="Sleep" library="BuiltIn">
<arg>1</arg>
<doc>Pauses the test executed for the given time.</doc>
<msg timestamp="20230222 10:17:25.465" level="INFO">Slept 1 second</msg>
<status status="PASS" starttime="20230222 10:17:24.464" endtime="20230222 10:17:25.465"/>
</kw>
<kw name="Reload Page" library="SeleniumLibrary">
<doc>Simulates user reloading page.</doc>
<status status="PASS" starttime="20230222 10:17:25.465" endtime="20230222 10:17:25.791"/>
</kw>
<status status="PASS" starttime="20230222 10:17:16.421" endtime="20230222 10:17:25.795"/>
</test>
<test id="s1-t2" name="LoginTest2" line="25">
<kw name="Wait Until Page Contains Element" library="SeleniumLibrary">
<arg>xpath://input[@name='loginEmail']</arg>
<doc>Waits until the element ``locator`` appears on the current page.</doc>
<status status="PASS" starttime="20230222 10:17:25.800" endtime="20230222 10:17:25.859"/>
</kw>
<kw name="Input Text" library="SeleniumLibrary">
<arg>name:loginEmail</arg>
<arg>rahul.agarwall@mail.vinove.com</arg>
<doc>Types the given ``text`` into the text field identified by ``locator``.</doc>
<msg timestamp="20230222 10:17:25.861" level="INFO">Typing text 'rahul.agarwall@mail.vinove.com' into text field 'name:loginEmail'.</msg>
<status status="PASS" starttime="20230222 10:17:25.860" endtime="20230222 10:17:26.122"/>
</kw>
<kw name="Input Text" library="SeleniumLibrary">
<arg>name:password</arg>
<arg>Admin@123</arg>
<doc>Types the given ``text`` into the text field identified by ``locator``.</doc>
<msg timestamp="20230222 10:17:26.125" level="INFO">Typing text 'Admin@123' into text field 'name:password'.</msg>
<status status="PASS" starttime="20230222 10:17:26.124" endtime="20230222 10:17:26.273"/>
</kw>
<kw name="Click Element" library="SeleniumLibrary">
<arg>//button[@type='submit']</arg>
<doc>Click the element identified by ``locator``.</doc>
<msg timestamp="20230222 10:17:26.274" level="INFO">Clicking element '//button[@type='submit']'.</msg>
<status status="PASS" starttime="20230222 10:17:26.273" endtime="20230222 10:17:26.347"/>
</kw>
<kw name="Sleep" library="BuiltIn">
<arg>1</arg>
<doc>Pauses the test executed for the given time.</doc>
<msg timestamp="20230222 10:17:27.352" level="INFO">Slept 1 second</msg>
<status status="PASS" starttime="20230222 10:17:26.351" endtime="20230222 10:17:27.352"/>
</kw>
<kw name="Reload Page" library="SeleniumLibrary">
<doc>Simulates user reloading page.</doc>
<status status="PASS" starttime="20230222 10:17:27.353" endtime="20230222 10:17:27.530"/>
</kw>
<kw name="Sleep" library="BuiltIn">
<arg>2</arg>
<doc>Pauses the test executed for the given time.</doc>
<msg timestamp="20230222 10:17:29.535" level="INFO">Slept 2 seconds</msg>
<status status="PASS" starttime="20230222 10:17:27.535" endtime="20230222 10:17:29.535"/>
</kw>
<status status="PASS" starttime="20230222 10:17:25.798" endtime="20230222 10:17:29.535"/>
</test>
<test id="s1-t3" name="LoginTest3" line="37">
<kw name="Input Text" library="SeleniumLibrary">
<arg>name:loginEmail</arg>
<arg>rahul.agarwal@mail.vinove.com</arg>
<doc>Types the given ``text`` into the text field identified by ``locator``.</doc>
<msg timestamp="20230222 10:17:29.538" level="INFO">Typing text 'rahul.agarwal@mail.vinove.com' into text field 'name:loginEmail'.</msg>
<status status="PASS" starttime="20230222 10:17:29.538" endtime="20230222 10:17:29.689"/>
</kw>
<kw name="Input Text" library="SeleniumLibrary">
<arg>name:password</arg>
<arg>Admin@123</arg>
<doc>Types the given ``text`` into the text field identified by ``locator``.</doc>
<msg timestamp="20230222 10:17:29.693" level="INFO">Typing text 'Admin@123' into text field 'name:password'.</msg>
<status status="PASS" starttime="20230222 10:17:29.693" endtime="20230222 10:17:29.812"/>
</kw>
<kw name="Click Element" library="SeleniumLibrary">
<arg>//button[@type='submit']</arg>
<doc>Click the element identified by ``locator``.</doc>
<msg timestamp="20230222 10:17:29.813" level="INFO">Clicking element '//button[@type='submit']'.</msg>
<status status="PASS" starttime="20230222 10:17:29.812" endtime="20230222 10:17:29.865"/>
</kw>
<kw name="Sleep" library="BuiltIn">
<arg>1</arg>
<doc>Pauses the test executed for the given time.</doc>
<msg timestamp="20230222 10:17:30.867" level="INFO">Slept 1 second</msg>
<status status="PASS" starttime="20230222 10:17:29.866" endtime="20230222 10:17:30.868"/>
</kw>
<kw name="Page Should Contain Element" library="SeleniumLibrary">
<var>${verify}</var>
<arg>//span[@class='mr-2']</arg>
<arg>You have successfully logged in!</arg>
<doc>Verifies that element ``locator`` is found on the current page.</doc>
<msg timestamp="20230222 10:17:30.898" level="INFO">Current page contains element '//span[@class='mr-2']'.</msg>
<msg timestamp="20230222 10:17:30.898" level="INFO">${verify} = None</msg>
<status status="PASS" starttime="20230222 10:17:30.870" endtime="20230222 10:17:30.898"/>
</kw>
<kw name="Run Keyword If" library="BuiltIn">
<arg>${verify}</arg>
<arg>=</arg>
<arg>You have successfully logged in!</arg>
<arg>Test Keyword 1</arg>
<doc>Runs the given keyword with the given arguments, if ``condition`` is true.</doc>
<status status="PASS" starttime="20230222 10:17:30.899" endtime="20230222 10:17:30.899"/>
</kw>
<kw name="Log To Console" library="BuiltIn">
<arg>successfull login</arg>
<doc>Logs the given message to the console.</doc>
<status status="PASS" starttime="20230222 10:17:30.900" endtime="20230222 10:17:30.901"/>
</kw>
<kw name="Page Should Contain Element" library="SeleniumLibrary">
<arg>class:brand-logo</arg>
<doc>Verifies that element ``locator`` is found on the current page.</doc>
<msg timestamp="20230222 10:17:30.912" level="INFO">Current page contains element 'class:brand-logo'.</msg>
<status status="PASS" starttime="20230222 10:17:30.902" endtime="20230222 10:17:30.913"/>
</kw>
<kw name="Wait Until Page Contains Element" library="SeleniumLibrary">
<arg>//span[text()='User Management']</arg>
<doc>Waits until the element ``locator`` appears on the current page.</doc>
<status status="PASS" starttime="20230222 10:17:30.913" endtime="20230222 10:17:30.926"/>
</kw>
<kw name="Mouse Down" library="SeleniumLibrary">
<arg>//span[text()='User Management']</arg>
<doc>Simulates pressing the left mouse button on the element ``locator``.</doc>
<msg timestamp="20230222 10:17:30.927" level="INFO">Simulating Mouse Down on element '//span[text()='User Management']'.</msg>
<status status="PASS" starttime="20230222 10:17:30.927" endtime="20230222 10:17:31.216"/>
</kw>
<kw name="Mouse Up" library="SeleniumLibrary">
<arg>//span[text()='User Management']</arg>
<doc>Simulates releasing the left mouse button on the element ``locator``.</doc>
<msg timestamp="20230222 10:17:31.218" level="INFO">Simulating Mouse Up on element '//span[text()='User Management']'.</msg>
<status status="PASS" starttime="20230222 10:17:31.217" endtime="20230222 10:17:31.530"/>
</kw>
<kw name="Go To" library="SeleniumLibrary">
<arg>https://propftxdevadmin.iworklab.com/transactions</arg>
<doc>Navigates the current browser window to the provided ``url``.</doc>
<msg timestamp="20230222 10:17:31.530" level="INFO">Opening url 'https://propftxdevadmin.iworklab.com/transactions'</msg>
<status status="PASS" starttime="20230222 10:17:31.530" endtime="20230222 10:17:31.762"/>
</kw>
<kw name="Reload Page" library="SeleniumLibrary">
<doc>Simulates user reloading page.</doc>
<status status="PASS" starttime="20230222 10:17:31.763" endtime="20230222 10:17:31.883"/>
</kw>
<status status="PASS" starttime="20230222 10:17:29.537" endtime="20230222 10:17:31.884"/>
</test>
<test id="s1-t4" name="UserManagement-PhoneAlreadyExist" line="58">
<kw name="Wait Until Element Is Visible" library="SeleniumLibrary">
<arg>xpath://span[text()='User Management']</arg>
<doc>Waits until the element ``locator`` is visible.</doc>
<status status="PASS" starttime="20230222 10:17:31.885" endtime="20230222 10:17:32.005"/>
</kw>
<kw name="Click Element" library="SeleniumLibrary">
<arg>xpath://span[text()='User Management']</arg>
<doc>Click the element identified by ``locator``.</doc>
<msg timestamp="20230222 10:17:32.007" level="INFO">Clicking element 'xpath://span[text()='User Management']'.</msg>
<status status="PASS" starttime="20230222 10:17:32.006" endtime="20230222 10:17:32.254"/>
</kw>
<kw name="Wait Until Element Is Visible" library="SeleniumLibrary">
<arg>xpath:(//span[text()='Add'])[1]</arg>
<doc>Waits until the element ``locator`` is visible.</doc>
<status status="PASS" starttime="20230222 10:17:32.255" endtime="20230222 10:17:32.506"/>
</kw>
<kw name="Click Element" library="SeleniumLibrary">
<arg>xpath:(//span[text()='Add'])[1]</arg>
<doc>Click the element identified by ``locator``.</doc>
<msg timestamp="20230222 10:17:32.506" level="INFO">Clicking element 'xpath:(//span[text()='Add'])[1]'.</msg>
<status status="PASS" starttime="20230222 10:17:32.506" endtime="20230222 10:17:32.589"/>
</kw>
<kw name="Sleep" library="BuiltIn">
<arg>10</arg>
<doc>Pauses the test executed for the given time.</doc>
<msg timestamp="20230222 10:17:42.589" level="INFO">Slept 10 seconds</msg>
<status status="PASS" starttime="20230222 10:17:32.589" endtime="20230222 10:17:42.589"/>
</kw>
<kw name="Wait Until Element Is Visible" library="SeleniumLibrary">
<arg>xpath://h1[text()='Add New User']</arg>
<doc>Waits until the element ``locator`` is visible.</doc>
<status status="PASS" starttime="20230222 10:17:42.590" endtime="20230222 10:17:42.626"/>
</kw>
<kw name="Page Should Contain Element" library="SeleniumLibrary">
<var>${NewUser}</var>
<arg>xpath://h1[text()='Add New User']</arg>
<arg>Add New User</arg>
<doc>Verifies that element ``locator`` is found on the current page.</doc>
<msg timestamp="20230222 10:17:42.638" level="INFO">Current page contains element 'xpath://h1[text()='Add New User']'.</msg>
<msg timestamp="20230222 10:17:42.638" level="INFO">${NewUser} = None</msg>
<status status="PASS" starttime="20230222 10:17:42.626" endtime="20230222 10:17:42.638"/>
</kw>
<kw name="Run Keyword If" library="BuiltIn">
<arg>${NewUser}</arg>
<arg>=</arg>
<arg>Add New User</arg>
<arg>Test Keyword 1</arg>
<doc>Runs the given keyword with the given arguments, if ``condition`` is true.</doc>
<status status="PASS" starttime="20230222 10:17:42.639" endtime="20230222 10:17:42.639"/>
</kw>
<kw name="Log To Console" library="BuiltIn">
<arg>title verified</arg>
<doc>Logs the given message to the console.</doc>
<status status="PASS" starttime="20230222 10:17:42.639" endtime="20230222 10:17:42.640"/>
</kw>
<kw name="Input Text" library="SeleniumLibrary">
<arg>id:name</arg>
<arg>Yash test</arg>
<doc>Types the given ``text`` into the text field identified by ``locator``.</doc>
<msg timestamp="20230222 10:17:42.641" level="INFO">Typing text 'Yash test' into text field 'id:name'.</msg>
<status status="PASS" starttime="20230222 10:17:42.640" endtime="20230222 10:17:42.836"/>
</kw>
<kw name="Input Text" library="SeleniumLibrary">
<arg>id:address</arg>
<arg>Noida</arg>
<doc>Types the given ``text`` into the text field identified by ``locator``.</doc>
<msg timestamp="20230222 10:17:42.837" level="INFO">Typing text 'Noida' into text field 'id:address'.</msg>
<status status="PASS" starttime="20230222 10:17:42.836" endtime="20230222 10:17:42.963"/>
</kw>
<kw name="Input Text" library="SeleniumLibrary">
<arg>id:phoneNumber</arg>
<arg>9548779463</arg>
<doc>Types the given ``text`` into the text field identified by ``locator``.</doc>
<msg timestamp="20230222 10:17:42.965" level="INFO">Typing text '9548779463' into text field 'id:phoneNumber'.</msg>
<status status="PASS" starttime="20230222 10:17:42.964" endtime="20230222 10:17:43.208"/>
</kw>
<kw name="Input Text" library="SeleniumLibrary">
<arg>(//input[@class='select__input'])[1]</arg>
<arg>Afghanistan</arg>
<doc>Types the given ``text`` into the text field identified by ``locator``.</doc>
<msg timestamp="20230222 10:17:43.208" level="INFO">Typing text 'Afghanistan' into text field '(//input[@class='select__input'])[1]'.</msg>
<status status="PASS" starttime="20230222 10:17:43.208" endtime="20230222 10:17:43.459"/>
</kw>
<kw name="Press Keys" library="SeleniumLibrary">
<arg>xpath://div[text()='Afghanistan']</arg>
<arg>Tab</arg>
<doc>Simulates the user pressing key(s) to an element or on the active browser.</doc>
<msg timestamp="20230222 10:17:43.461" level="INFO">Sending key(s) ('Tab',) to xpath://div[text()='Afghanistan'] element.</msg>
<msg timestamp="20230222 10:17:43.777" level="INFO">Sending keys Tab</msg>
<status status="PASS" starttime="20230222 10:17:43.460" endtime="20230222 10:17:43.856"/>
</kw>
<kw name="Input Text" library="SeleniumLibrary">
<arg>(//input[@class='select__input'])[2]</arg>
<arg>Balkh</arg>
<doc>Types the given ``text`` into the text field identified by ``locator``.</doc>
<msg timestamp="20230222 10:17:43.857" level="INFO">Typing text 'Balkh' into text field '(//input[@class='select__input'])[2]'.</msg>
<status status="PASS" starttime="20230222 10:17:43.856" endtime="20230222 10:17:44.003"/>
</kw>
<kw name="Press Keys" library="SeleniumLibrary">
<arg>xpath:(//div[text()='Balkh'])[1]</arg>
<arg>Tab</arg>
<doc>Simulates the user pressing key(s) to an element or on the active browser.</doc>
<msg timestamp="20230222 10:17:44.004" level="INFO">Sending key(s) ('Tab',) to xpath:(//div[text()='Balkh'])[1] element.</msg>
<msg timestamp="20230222 10:17:44.354" level="INFO">Sending keys Tab</msg>
<status status="PASS" starttime="20230222 10:17:44.004" endtime="20230222 10:17:44.407"/>
</kw>
<kw name="Input Text" library="SeleniumLibrary">
<arg>(//input[@class='select__input'])[3]</arg>
<arg>Balkh</arg>
<doc>Types the given ``text`` into the text field identified by ``locator``.</doc>
<msg timestamp="20230222 10:17:44.408" level="INFO">Typing text 'Balkh' into text field '(//input[@class='select__input'])[3]'.</msg>
<status status="PASS" starttime="20230222 10:17:44.407" endtime="20230222 10:17:44.538"/>
</kw>
<kw name="Press Keys" library="SeleniumLibrary">
<arg>xpath:(//div[text()='Balkh'])[2]</arg>
<arg>Tab</arg>
<doc>Simulates the user pressing key(s) to an element or on the active browser.</doc>
<msg timestamp="20230222 10:17:44.540" level="INFO">Sending key(s) ('Tab',) to xpath:(//div[text()='Balkh'])[2] element.</msg>
<msg timestamp="20230222 10:17:44.880" level="INFO">Sending keys Tab</msg>
<status status="PASS" starttime="20230222 10:17:44.539" endtime="20230222 10:17:44.934"/>
</kw>
<kw name="Input Text" library="SeleniumLibrary">
<arg>xpath://input[@name='email']</arg>
<arg>yash23@yopmail.com</arg>
<doc>Types the given ``text`` into the text field identified by ``locator``.</doc>
<msg timestamp="20230222 10:17:44.935" level="INFO">Typing text 'yash23@yopmail.com' into text field 'xpath://input[@name='email']'.</msg>
<status status="PASS" starttime="20230222 10:17:44.935" endtime="20230222 10:17:45.144"/>
</kw>
<kw name="Choose File" library="SeleniumLibrary">
<arg>id:image</arg>
<arg>C:/Users/Yash Raj singh/Downloads/download2121.png</arg>
<doc>Inputs the ``file_path`` into the file input field ``locator``.</doc>
<msg timestamp="20230222 10:17:45.145" level="INFO">Sending C:\Users\Yash Raj singh\Downloads\download2121.png to browser.</msg>
<status status="PASS" starttime="20230222 10:17:45.144" endtime="20230222 10:17:45.204"/>
</kw>
<kw name="Run Keyword And Ignore Error" library="BuiltIn">
<arg>Scroll Element Into View</arg>
<arg>//button[text()='Submit']</arg>
<doc>Runs the given keyword with the given arguments and ignores possible error.</doc>
<kw name="Scroll Element Into View" library="SeleniumLibrary">
<arg>//button[text()='Submit']</arg>
<doc>Scrolls the element identified by ``locator`` into view.</doc>
<msg timestamp="20230222 10:17:45.460" level="INFO" html="true">&lt;/td&gt;&lt;/tr&gt;&lt;tr&gt;&lt;td colspan="3"&gt;&lt;a href="selenium-screenshot-57.png"&gt;&lt;img src="selenium-screenshot-57.png" width="800px"&gt;&lt;/a&gt;</msg>
<msg timestamp="20230222 10:17:45.461" level="FAIL">MoveTargetOutOfBoundsException: Message: move target out of bounds
  (Session info: chrome=110.0.5481.104)
Stacktrace:
Backtrace:
	(No symbol) [0x008637D3]
	(No symbol) [0x007F8B81]
	(No symbol) [0x006FB230]
	(No symbol) [0x00768F82]
	(No symbol) [0x0074B41C]
	(No symbol) [0x00761215]
	(No symbol) [0x0074B216]
	(No symbol) [0x00720D97]
	(No symbol) [0x0072253D]
	GetHandleVerifier [0x00ADABF2+2510930]
	GetHandleVerifier [0x00B08EC1+2700065]
	GetHandleVerifier [0x00B0C86C+2714828]
	GetHandleVerifier [0x00913480+645344]
	(No symbol) [0x00800FD2]
	(No symbol) [0x00806C68]
	(No symbol) [0x00806D4B]
	(No symbol) [0x00810D6B]
	BaseThreadInitThunk [0x75D86BD9+25]
	RtlGetFullPathName_UEx [0x77598FD2+1218]
	RtlGetFullPathName_UEx [0x77598F9D+1165]
</msg>
<status status="FAIL" starttime="20230222 10:17:45.205" endtime="20230222 10:17:45.464"/>
</kw>
<status status="PASS" starttime="20230222 10:17:45.205" endtime="20230222 10:17:45.464"/>
</kw>
<kw name="Wait Until Page Contains Element" library="SeleniumLibrary">
<arg>xpath://button[text()='Submit']</arg>
<doc>Waits until the element ``locator`` appears on the current page.</doc>
<status status="PASS" starttime="20230222 10:17:45.464" endtime="20230222 10:17:45.471"/>
</kw>
<kw name="Click Button" library="SeleniumLibrary">
<arg>xpath://button[text()='Submit']</arg>
<doc>Clicks the button identified by ``locator``.</doc>
<msg timestamp="20230222 10:17:45.472" level="INFO">Clicking button 'xpath://button[text()='Submit']'.</msg>
<status status="PASS" starttime="20230222 10:17:45.472" endtime="20230222 10:17:45.550"/>
</kw>
<kw name="Sleep" library="BuiltIn">
<arg>1</arg>
<doc>Pauses the test executed for the given time.</doc>
<msg timestamp="20230222 10:17:46.551" level="INFO">Slept 1 second</msg>
<status status="PASS" starttime="20230222 10:17:45.551" endtime="20230222 10:17:46.551"/>
</kw>
<kw name="Page Should Contain Element" library="SeleniumLibrary">
<var>${PhoneExists}</var>
<arg>xpath://span[@class='mr-2']</arg>
<arg>Phone number already exist</arg>
<doc>Verifies that element ``locator`` is found on the current page.</doc>
<msg timestamp="20230222 10:17:46.568" level="INFO">Current page contains element 'xpath://span[@class='mr-2']'.</msg>
<msg timestamp="20230222 10:17:46.568" level="INFO">${PhoneExists} = None</msg>
<status status="PASS" starttime="20230222 10:17:46.552" endtime="20230222 10:17:46.568"/>
</kw>
<kw name="Run Keyword If" library="BuiltIn">
<arg>${PhoneExists}</arg>
<arg>=</arg>
<arg>Phone number already exist</arg>
<arg>Test Keyword 1</arg>
<doc>Runs the given keyword with the given arguments, if ``condition`` is true.</doc>
<status status="PASS" starttime="20230222 10:17:46.569" endtime="20230222 10:17:46.570"/>
</kw>
<kw name="Log To Console" library="BuiltIn">
<arg>Phone number already exist1</arg>
<doc>Logs the given message to the console.</doc>
<status status="PASS" starttime="20230222 10:17:46.570" endtime="20230222 10:17:46.573"/>
</kw>
<kw name="Reload Page" library="SeleniumLibrary">
<doc>Simulates user reloading page.</doc>
<status status="PASS" starttime="20230222 10:17:46.573" endtime="20230222 10:17:46.743"/>
</kw>
<status status="PASS" starttime="20230222 10:17:31.884" endtime="20230222 10:17:46.744"/>
</test>
<test id="s1-t5" name="UserManagement-EmailAlreadyExist" line="105">
<kw name="Wait Until Element Is Visible" library="SeleniumLibrary">
<arg>xpath://h1[text()='Add New User']</arg>
<doc>Waits until the element ``locator`` is visible.</doc>
<status status="PASS" starttime="20230222 10:17:46.746" endtime="20230222 10:17:47.837"/>
</kw>
<kw name="Input Text" library="SeleniumLibrary">
<arg>id:name</arg>
<arg>Yash test</arg>
<doc>Types the given ``text`` into the text field identified by ``locator``.</doc>
<msg timestamp="20230222 10:17:47.838" level="INFO">Typing text 'Yash test' into text field 'id:name'.</msg>
<status status="PASS" starttime="20230222 10:17:47.838" endtime="20230222 10:17:47.967"/>
</kw>
<kw name="Input Text" library="SeleniumLibrary">
<arg>id:address</arg>
<arg>Noida</arg>
<doc>Types the given ``text`` into the text field identified by ``locator``.</doc>
<msg timestamp="20230222 10:17:47.968" level="INFO">Typing text 'Noida' into text field 'id:address'.</msg>
<status status="PASS" starttime="20230222 10:17:47.968" endtime="20230222 10:17:48.120"/>
</kw>
<kw name="Input Text" library="SeleniumLibrary">
<arg>id:phoneNumber</arg>
<arg>9548779462</arg>
<doc>Types the given ``text`` into the text field identified by ``locator``.</doc>
<msg timestamp="20230222 10:17:48.121" level="INFO">Typing text '9548779462' into text field 'id:phoneNumber'.</msg>
<status status="PASS" starttime="20230222 10:17:48.121" endtime="20230222 10:17:48.308"/>
</kw>
<kw name="Input Text" library="SeleniumLibrary">
<arg>(//input[@class='select__input'])[1]</arg>
<arg>Afghanistan</arg>
<doc>Types the given ``text`` into the text field identified by ``locator``.</doc>
<msg timestamp="20230222 10:17:48.309" level="INFO">Typing text 'Afghanistan' into text field '(//input[@class='select__input'])[1]'.</msg>
<status status="PASS" starttime="20230222 10:17:48.308" endtime="20230222 10:17:48.649"/>
</kw>
<kw name="Press Keys" library="SeleniumLibrary">
<arg>xpath://div[text()='Afghanistan']</arg>
<arg>Tab</arg>
<doc>Simulates the user pressing key(s) to an element or on the active browser.</doc>
<msg timestamp="20230222 10:17:48.651" level="INFO">Sending key(s) ('Tab',) to xpath://div[text()='Afghanistan'] element.</msg>
<msg timestamp="20230222 10:17:48.948" level="INFO">Sending keys Tab</msg>
<status status="PASS" starttime="20230222 10:17:48.650" endtime="20230222 10:17:49.040"/>
</kw>
<kw name="Input Text" library="SeleniumLibrary">
<arg>(//input[@class='select__input'])[2]</arg>
<arg>Balkh</arg>
<doc>Types the given ``text`` into the text field identified by ``locator``.</doc>
<msg timestamp="20230222 10:17:49.040" level="INFO">Typing text 'Balkh' into text field '(//input[@class='select__input'])[2]'.</msg>
<status status="PASS" starttime="20230222 10:17:49.040" endtime="20230222 10:17:49.168"/>
</kw>
<kw name="Press Keys" library="SeleniumLibrary">
<arg>xpath:(//div[text()='Balkh'])[1]</arg>
<arg>Tab</arg>
<doc>Simulates the user pressing key(s) to an element or on the active browser.</doc>
<msg timestamp="20230222 10:17:49.169" level="INFO">Sending key(s) ('Tab',) to xpath:(//div[text()='Balkh'])[1] element.</msg>
<msg timestamp="20230222 10:17:49.495" level="INFO">Sending keys Tab</msg>
<status status="PASS" starttime="20230222 10:17:49.169" endtime="20230222 10:17:49.570"/>
</kw>
<kw name="Input Text" library="SeleniumLibrary">
<arg>(//input[@class='select__input'])[3]</arg>
<arg>Balkh</arg>
<doc>Types the given ``text`` into the text field identified by ``locator``.</doc>
<msg timestamp="20230222 10:17:49.571" level="INFO">Typing text 'Balkh' into text field '(//input[@class='select__input'])[3]'.</msg>
<status status="PASS" starttime="20230222 10:17:49.571" endtime="20230222 10:17:49.705"/>
</kw>
<kw name="Press Keys" library="SeleniumLibrary">
<arg>xpath:(//div[text()='Balkh'])[2]</arg>
<arg>Tab</arg>
<doc>Simulates the user pressing key(s) to an element or on the active browser.</doc>
<msg timestamp="20230222 10:17:49.706" level="INFO">Sending key(s) ('Tab',) to xpath:(//div[text()='Balkh'])[2] element.</msg>
<msg timestamp="20230222 10:17:50.059" level="INFO">Sending keys Tab</msg>
<status status="PASS" starttime="20230222 10:17:49.706" endtime="20230222 10:17:50.106"/>
</kw>
<kw name="Input Text" library="SeleniumLibrary">
<arg>xpath://input[@name='email']</arg>
<arg>yash9092@yopmail.com</arg>
<doc>Types the given ``text`` into the text field identified by ``locator``.</doc>
<msg timestamp="20230222 10:17:50.108" level="INFO">Typing text 'yash9092@yopmail.com' into text field 'xpath://input[@name='email']'.</msg>
<status status="PASS" starttime="20230222 10:17:50.108" endtime="20230222 10:17:50.274"/>
</kw>
<kw name="Choose File" library="SeleniumLibrary">
<arg>id:image</arg>
<arg>C:/Users/Yash Raj singh/Downloads/download2121.png</arg>
<doc>Inputs the ``file_path`` into the file input field ``locator``.</doc>
<msg timestamp="20230222 10:17:50.275" level="INFO">Sending C:\Users\Yash Raj singh\Downloads\download2121.png to browser.</msg>
<status status="PASS" starttime="20230222 10:17:50.274" endtime="20230222 10:17:50.358"/>
</kw>
<kw name="Run Keyword And Ignore Error" library="BuiltIn">
<arg>Scroll Element Into View</arg>
<arg>//button[text()='Submit']</arg>
<doc>Runs the given keyword with the given arguments and ignores possible error.</doc>
<kw name="Scroll Element Into View" library="SeleniumLibrary">
<arg>//button[text()='Submit']</arg>
<doc>Scrolls the element identified by ``locator`` into view.</doc>
<msg timestamp="20230222 10:17:50.592" level="INFO" html="true">&lt;/td&gt;&lt;/tr&gt;&lt;tr&gt;&lt;td colspan="3"&gt;&lt;a href="selenium-screenshot-58.png"&gt;&lt;img src="selenium-screenshot-58.png" width="800px"&gt;&lt;/a&gt;</msg>
<msg timestamp="20230222 10:17:50.593" level="FAIL">MoveTargetOutOfBoundsException: Message: move target out of bounds
  (Session info: chrome=110.0.5481.104)
Stacktrace:
Backtrace:
	(No symbol) [0x008637D3]
	(No symbol) [0x007F8B81]
	(No symbol) [0x006FB230]
	(No symbol) [0x00768F82]
	(No symbol) [0x0074B41C]
	(No symbol) [0x00761215]
	(No symbol) [0x0074B216]
	(No symbol) [0x00720D97]
	(No symbol) [0x0072253D]
	GetHandleVerifier [0x00ADABF2+2510930]
	GetHandleVerifier [0x00B08EC1+2700065]
	GetHandleVerifier [0x00B0C86C+2714828]
	GetHandleVerifier [0x00913480+645344]
	(No symbol) [0x00800FD2]
	(No symbol) [0x00806C68]
	(No symbol) [0x00806D4B]
	(No symbol) [0x00810D6B]
	BaseThreadInitThunk [0x75D86BD9+25]
	RtlGetFullPathName_UEx [0x77598FD2+1218]
	RtlGetFullPathName_UEx [0x77598F9D+1165]
</msg>
<status status="FAIL" starttime="20230222 10:17:50.359" endtime="20230222 10:17:50.594"/>
</kw>
<status status="PASS" starttime="20230222 10:17:50.358" endtime="20230222 10:17:50.594"/>
</kw>
<kw name="Wait Until Page Contains Element" library="SeleniumLibrary">
<arg>xpath://button[text()='Submit']</arg>
<doc>Waits until the element ``locator`` appears on the current page.</doc>
<status status="PASS" starttime="20230222 10:17:50.594" endtime="20230222 10:17:50.604"/>
</kw>
<kw name="Click Button" library="SeleniumLibrary">
<arg>xpath://button[text()='Submit']</arg>
<doc>Clicks the button identified by ``locator``.</doc>
<msg timestamp="20230222 10:17:50.605" level="INFO">Clicking button 'xpath://button[text()='Submit']'.</msg>
<status status="PASS" starttime="20230222 10:17:50.605" endtime="20230222 10:17:50.687"/>
</kw>
<kw name="Sleep" library="BuiltIn">
<arg>1</arg>
<doc>Pauses the test executed for the given time.</doc>
<msg timestamp="20230222 10:17:51.689" level="INFO">Slept 1 second</msg>
<status status="PASS" starttime="20230222 10:17:50.688" endtime="20230222 10:17:51.689"/>
</kw>
<kw name="Page Should Contain Element" library="SeleniumLibrary">
<var>${EmailExists}</var>
<arg>xpath://span[@class='mr-2']</arg>
<arg>Email already exist</arg>
<doc>Verifies that element ``locator`` is found on the current page.</doc>
<msg timestamp="20230222 10:17:51.705" level="INFO">Current page contains element 'xpath://span[@class='mr-2']'.</msg>
<msg timestamp="20230222 10:17:51.705" level="INFO">${EmailExists} = None</msg>
<status status="PASS" starttime="20230222 10:17:51.690" endtime="20230222 10:17:51.705"/>
</kw>
<kw name="Run Keyword If" library="BuiltIn">
<arg>${EmailExists}</arg>
<arg>=</arg>
<arg>Email already exist</arg>
<arg>Test Keyword 1</arg>
<doc>Runs the given keyword with the given arguments, if ``condition`` is true.</doc>
<status status="PASS" starttime="20230222 10:17:51.706" endtime="20230222 10:17:51.707"/>
</kw>
<kw name="Log To Console" library="BuiltIn">
<arg>Email already exist1</arg>
<doc>Logs the given message to the console.</doc>
<status status="PASS" starttime="20230222 10:17:51.707" endtime="20230222 10:17:51.708"/>
</kw>
<kw name="Sleep" library="BuiltIn">
<arg>3</arg>
<doc>Pauses the test executed for the given time.</doc>
<msg timestamp="20230222 10:17:54.709" level="INFO">Slept 3 seconds</msg>
<status status="PASS" starttime="20230222 10:17:51.709" endtime="20230222 10:17:54.709"/>
</kw>
<status status="PASS" starttime="20230222 10:17:46.746" endtime="20230222 10:17:54.710"/>
</test>
<status status="PASS" starttime="20230222 10:17:16.150" endtime="20230222 10:17:54.714"/>
</suite>
<statistics>
<total>
<stat pass="5" fail="0" skip="0">All Tests</stat>
</total>
<tag>
</tag>
<suite>
<stat pass="5" fail="0" skip="0" id="s1" name="TC 2">TC 2</stat>
</suite>
</statistics>
<errors>
</errors>
</robot>
