<?xml version="1.0" encoding="UTF-8"?>
<robot generator="Robot 6.0.2 (Python 3.11.2 on win32)" generated="20230223 17:04:11.329" rpa="false" schemaversion="3">
<suite id="s1" name="TC 2" source="C:\Users\Yash Raj singh\PycharmProjects\robot\TestCases\TC_2.robot">
<test id="s1-t1" name="LoginTest3" line="38">
<kw name="Open Browser" library="SeleniumLibrary">
<arg>${url}</arg>
<arg>${browser}</arg>
<doc>Opens a new browser instance to the optional ``url``.</doc>
<msg timestamp="20230223 17:04:11.616" level="INFO">Opening browser 'chrome' to base url 'https://propftxdevadmin.iworklab.com/login/'.</msg>
<status status="PASS" starttime="20230223 17:04:11.616" endtime="20230223 17:04:14.919"/>
</kw>
<kw name="Maximize Browser Window" library="SeleniumLibrary">
<doc>Maximizes current browser window.</doc>
<status status="PASS" starttime="20230223 17:04:14.919" endtime="20230223 17:04:15.050"/>
</kw>
<kw name="Set Variable" library="BuiltIn">
<var>${loginEmail}</var>
<arg>//input[@name='loginEmail']</arg>
<doc>Returns the given values which can then be assigned to a variables.</doc>
<msg timestamp="20230223 17:04:15.055" level="INFO">${loginEmail} = //input[@name='loginEmail']</msg>
<status status="PASS" starttime="20230223 17:04:15.054" endtime="20230223 17:04:15.055"/>
</kw>
<kw name="Wait Until Page Contains Element" library="SeleniumLibrary">
<arg>${loginEmail}</arg>
<doc>Waits until the element ``locator`` appears on the current page.</doc>
<status status="PASS" starttime="20230223 17:04:15.055" endtime="20230223 17:04:15.075"/>
</kw>
<kw name="Input Text" library="SeleniumLibrary">
<arg>name:loginEmail</arg>
<arg>rahul.agarwal@mail.vinove.com</arg>
<doc>Types the given ``text`` into the text field identified by ``locator``.</doc>
<msg timestamp="20230223 17:04:15.076" level="INFO">Typing text 'rahul.agarwal@mail.vinove.com' into text field 'name:loginEmail'.</msg>
<status status="PASS" starttime="20230223 17:04:15.076" endtime="20230223 17:04:15.295"/>
</kw>
<kw name="Input Text" library="SeleniumLibrary">
<arg>name:password</arg>
<arg>Admin@123</arg>
<doc>Types the given ``text`` into the text field identified by ``locator``.</doc>
<msg timestamp="20230223 17:04:15.296" level="INFO">Typing text 'Admin@123' into text field 'name:password'.</msg>
<status status="PASS" starttime="20230223 17:04:15.295" endtime="20230223 17:04:15.450"/>
</kw>
<kw name="Click Element" library="SeleniumLibrary">
<arg>//button[@type='submit']</arg>
<doc>Click the element identified by ``locator``.</doc>
<msg timestamp="20230223 17:04:15.452" level="INFO">Clicking element '//button[@type='submit']'.</msg>
<status status="PASS" starttime="20230223 17:04:15.451" endtime="20230223 17:04:15.522"/>
</kw>
<kw name="Sleep" library="BuiltIn">
<arg>1</arg>
<doc>Pauses the test executed for the given time.</doc>
<msg timestamp="20230223 17:04:16.526" level="INFO">Slept 1 second</msg>
<status status="PASS" starttime="20230223 17:04:15.525" endtime="20230223 17:04:16.526"/>
</kw>
<kw name="Page Should Contain Element" library="SeleniumLibrary">
<var>${verify}</var>
<arg>//span[@class='mr-2']</arg>
<arg>You have successfully logged in!</arg>
<doc>Verifies that element ``locator`` is found on the current page.</doc>
<msg timestamp="20230223 17:04:16.538" level="INFO">Current page contains element '//span[@class='mr-2']'.</msg>
<msg timestamp="20230223 17:04:16.538" level="INFO">${verify} = None</msg>
<status status="PASS" starttime="20230223 17:04:16.526" endtime="20230223 17:04:16.538"/>
</kw>
<kw name="Run Keyword If" library="BuiltIn">
<arg>${verify}</arg>
<arg>=</arg>
<arg>You have successfully logged in!</arg>
<arg>Test Keyword 1</arg>
<doc>Runs the given keyword with the given arguments, if ``condition`` is true.</doc>
<status status="PASS" starttime="20230223 17:04:16.539" endtime="20230223 17:04:16.539"/>
</kw>
<kw name="Log To Console" library="BuiltIn">
<arg>successfull login</arg>
<doc>Logs the given message to the console.</doc>
<status status="PASS" starttime="20230223 17:04:16.540" endtime="20230223 17:04:16.541"/>
</kw>
<status status="PASS" starttime="20230223 17:04:11.616" endtime="20230223 17:04:16.542"/>
</test>
<test id="s1-t2" name="AddNewUser" line="174">
<kw name="Wait Until Element Is Visible" library="SeleniumLibrary">
<arg>//span[text()='User Management']</arg>
<doc>Waits until the element ``locator`` is visible.</doc>
<status status="PASS" starttime="20230223 17:04:16.543" endtime="20230223 17:04:16.573"/>
</kw>
<kw name="Click Element" library="SeleniumLibrary">
<arg>//span[text()='User Management']</arg>
<doc>Click the element identified by ``locator``.</doc>
<msg timestamp="20230223 17:04:16.575" level="INFO">Clicking element '//span[text()='User Management']'.</msg>
<status status="PASS" starttime="20230223 17:04:16.574" endtime="20230223 17:04:16.646"/>
</kw>
<kw name="Wait Until Element Is Visible" library="SeleniumLibrary">
<arg>xpath:(//span[text()='Add'])[1]</arg>
<doc>Waits until the element ``locator`` is visible.</doc>
<status status="PASS" starttime="20230223 17:04:16.646" endtime="20230223 17:04:16.917"/>
</kw>
<kw name="Click Element" library="SeleniumLibrary">
<arg>xpath:(//span[text()='Add'])[1]</arg>
<doc>Click the element identified by ``locator``.</doc>
<msg timestamp="20230223 17:04:16.918" level="INFO">Clicking element 'xpath:(//span[text()='Add'])[1]'.</msg>
<status status="PASS" starttime="20230223 17:04:16.918" endtime="20230223 17:04:17.021"/>
</kw>
<kw name="Wait Until Element Is Visible" library="SeleniumLibrary">
<arg>xpath://h1[text()='Add New User']</arg>
<doc>Waits until the element ``locator`` is visible.</doc>
<status status="PASS" starttime="20230223 17:04:17.021" endtime="20230223 17:04:18.638"/>
</kw>
<kw name="Input Text" library="SeleniumLibrary">
<arg>id:name</arg>
<arg>Yash test</arg>
<doc>Types the given ``text`` into the text field identified by ``locator``.</doc>
<msg timestamp="20230223 17:04:18.638" level="INFO">Typing text 'Yash test' into text field 'id:name'.</msg>
<status status="PASS" starttime="20230223 17:04:18.638" endtime="20230223 17:04:18.822"/>
</kw>
<kw name="Input Text" library="SeleniumLibrary">
<arg>id:address</arg>
<arg>Noida</arg>
<doc>Types the given ``text`` into the text field identified by ``locator``.</doc>
<msg timestamp="20230223 17:04:18.823" level="INFO">Typing text 'Noida' into text field 'id:address'.</msg>
<status status="PASS" starttime="20230223 17:04:18.822" endtime="20230223 17:04:18.932"/>
</kw>
<kw name="Generate Random String">
<var>${random}</var>
<arg>1</arg>
<arg>[NUMBERS])</arg>
<msg timestamp="20230223 17:04:18.937" level="FAIL">No keyword with name 'Generate Random String' found.</msg>
<status status="FAIL" starttime="20230223 17:04:18.937" endtime="20230223 17:04:18.937"/>
</kw>
<kw name="Log To Console" library="BuiltIn">
<arg>${rand_XYZ}</arg>
<doc>Logs the given message to the console.</doc>
<status status="NOT RUN" starttime="20230223 17:04:18.937" endtime="20230223 17:04:18.937"/>
</kw>
<kw name="Sleep" library="BuiltIn">
<arg>10</arg>
<doc>Pauses the test executed for the given time.</doc>
<status status="NOT RUN" starttime="20230223 17:04:18.937" endtime="20230223 17:04:18.938"/>
</kw>
<kw name="Sleep" library="BuiltIn">
<arg>19</arg>
<doc>Pauses the test executed for the given time.</doc>
<status status="NOT RUN" starttime="20230223 17:04:18.938" endtime="20230223 17:04:18.938"/>
</kw>
<status status="FAIL" starttime="20230223 17:04:16.543" endtime="20230223 17:04:18.938">No keyword with name 'Generate Random String' found.</status>
</test>
<status status="FAIL" starttime="20230223 17:04:11.329" endtime="20230223 17:04:18.939"/>
</suite>
<statistics>
<total>
<stat pass="1" fail="1" skip="0">All Tests</stat>
</total>
<tag>
</tag>
<suite>
<stat pass="1" fail="1" skip="0" id="s1" name="TC 2">TC 2</stat>
</suite>
</statistics>
<errors>
</errors>
</robot>
